<?xml version="1.0" encoding="UTF-8"?>
<!-- Generated by org.testng.reporters.JUnitXMLReporter -->
<testsuite ignored="0" hostname="LAPTOP-5IS4ELH8" failures="0" tests="6" name="amazon_itemTest" time="25.832" errors="0" timestamp="2023-02-13T20:58:56 EST">
  <testcase classname="Amazon_Task_16_Dataprovider.ItemTest" name="f" time="2.319"/>
  <testcase classname="Amazon_Task_16_Dataprovider.ItemTest" name="f" time="2.247"/>
  <testcase classname="Amazon_Task_16_Dataprovider.ItemTest" name="f" time="2.24"/>
  <testcase classname="Amazon_Task_16_Dataprovider.ItemTest" name="f" time="2.24"/>
  <testcase classname="Amazon_Task_16_Dataprovider.ItemTest" name="f" time="2.249"/>
  <testcase classname="Amazon_Task_16_Dataprovider.ItemTest" name="f" time="2.285"/>
</testsuite> <!-- amazon_itemTest -->
