<?xml version="1.0" encoding="UTF-8"?>
<!-- Generated by org.testng.reporters.JUnitXMLReporter -->
<testsuite ignored="0" hostname="LAPTOP-5IS4ELH8" failures="0" tests="7" name="fblogin" time="92.304" errors="0" timestamp="2023-02-16T15:36:06 EST">
  <testcase classname="facebook_data_pr_testng.facebookTest" name="fbook" time="14.912"/>
  <testcase classname="facebook_data_pr_testng.facebookTest" name="fbook" time="11.114"/>
  <testcase classname="facebook_data_pr_testng.facebookTest" name="fbook" time="10.947"/>
  <testcase classname="facebook_data_pr_testng.facebookTest" name="fbook" time="9.791"/>
  <testcase classname="facebook_data_pr_testng.facebookTest" name="fbook" time="10.904"/>
  <testcase classname="facebook_data_pr_testng.facebookTest" name="fbook" time="10.772"/>
  <testcase classname="facebook_data_pr_testng.facebookTest" name="fbook" time="10.333"/>
</testsuite> <!-- fblogin -->
