<?xml version="1.0" encoding="UTF-8"?>
<!-- Generated by org.testng.reporters.JUnitXMLReporter -->
<testsuite ignored="0" hostname="LAPTOP-5IS4ELH8" failures="1" tests="1" name="selenium_16_fb_Test" time="3.161" errors="0" timestamp="2023-02-10T10:49:29 EST">
  <testcase classname="facebook_data_pr_testng.facebookTest" name="fbook" time="0.0">
    <failure type="org.testng.TestNGException" message="
Method public void facebook_data_pr_testng.facebookTest.fbook(java.lang.String,java.lang.String) throws java.lang.InterruptedException requires a @DataProvider named : fb">
      <![CDATA[org.testng.TestNGException: 
Method public void facebook_data_pr_testng.facebookTest.fbook(java.lang.String,java.lang.String) throws java.lang.InterruptedException requires a @DataProvider named : fb
at java.base/java.util.ArrayList.forEach(ArrayList.java:1511)
... Removed 24 stack frames]]>
    </failure>
  </testcase> <!-- fbook -->
</testsuite> <!-- selenium_16_fb_Test -->
