<?xml version="1.0" encoding="UTF-8"?>
<testng-results ignored="0" total="7" passed="7" failed="0" skipped="0">
  <reporter-output>
  </reporter-output>
  <suite started-at="2023-02-16T15:34:33 EST" name="Suite" finished-at="2023-02-16T15:36:05 EST" duration-ms="92304">
    <groups>
    </groups>
    <test started-at="2023-02-16T15:34:33 EST" name="fblogin" finished-at="2023-02-16T15:36:05 EST" duration-ms="92304">
      <class name="facebook_data_pr_testng.facebookTest">
        <test-method is-config="true" signature="Ibrowser(java.lang.String,java.lang.String)[pri:0, instance:facebook_data_pr_testng.facebookTest@76a4ebf2]" started-at="2023-02-16T15:34:33 EST" name="Ibrowser" finished-at="2023-02-16T15:34:44 EST" duration-ms="11021" status="PASS">
          <params>
            <param index="0">
              <value>
                <![CDATA[chrome]]>
              </value>
            </param>
            <param index="1">
              <value>
                <![CDATA[https://www.facebook.com/]]>
              </value>
            </param>
          </params>
          <reporter-output>
          </reporter-output>
        </test-method> <!-- Ibrowser -->
        <test-method signature="fbook(java.lang.String,java.lang.String)[pri:0, instance:facebook_data_pr_testng.facebookTest@76a4ebf2]" started-at="2023-02-16T15:34:45 EST" name="fbook" data-provider="facebooklogindata" finished-at="2023-02-16T15:35:00 EST" duration-ms="14912" status="PASS">
          <params>
            <param index="0">
              <value>
                <![CDATA[abc1@gmail]]>
              </value>
            </param>
            <param index="1">
              <value>
                <![CDATA[abc123]]>
              </value>
            </param>
          </params>
          <reporter-output>
          </reporter-output>
        </test-method> <!-- fbook -->
        <test-method signature="fbook(java.lang.String,java.lang.String)[pri:0, instance:facebook_data_pr_testng.facebookTest@76a4ebf2]" started-at="2023-02-16T15:35:01 EST" name="fbook" data-provider="facebooklogindata" finished-at="2023-02-16T15:35:12 EST" duration-ms="11114" status="PASS">
          <params>
            <param index="0">
              <value>
                <![CDATA[abc21@gmail]]>
              </value>
            </param>
            <param index="1">
              <value>
                <![CDATA[abc1234]]>
              </value>
            </param>
          </params>
          <reporter-output>
          </reporter-output>
        </test-method> <!-- fbook -->
        <test-method signature="fbook(java.lang.String,java.lang.String)[pri:0, instance:facebook_data_pr_testng.facebookTest@76a4ebf2]" started-at="2023-02-16T15:35:12 EST" name="fbook" data-provider="facebooklogindata" finished-at="2023-02-16T15:35:23 EST" duration-ms="10947" status="PASS">
          <params>
            <param index="0">
              <value>
                <![CDATA[abc3@gmail]]>
              </value>
            </param>
            <param index="1">
              <value>
                <![CDATA[abc1245]]>
              </value>
            </param>
          </params>
          <reporter-output>
          </reporter-output>
        </test-method> <!-- fbook -->
        <test-method signature="fbook(java.lang.String,java.lang.String)[pri:0, instance:facebook_data_pr_testng.facebookTest@76a4ebf2]" started-at="2023-02-16T15:35:23 EST" name="fbook" data-provider="facebooklogindata" finished-at="2023-02-16T15:35:33 EST" duration-ms="9791" status="PASS">
          <params>
            <param index="0">
              <value>
                <![CDATA[abc4@gmail]]>
              </value>
            </param>
            <param index="1">
              <value>
                <![CDATA[abc1356]]>
              </value>
            </param>
          </params>
          <reporter-output>
          </reporter-output>
        </test-method> <!-- fbook -->
        <test-method signature="fbook(java.lang.String,java.lang.String)[pri:0, instance:facebook_data_pr_testng.facebookTest@76a4ebf2]" started-at="2023-02-16T15:35:33 EST" name="fbook" data-provider="facebooklogindata" finished-at="2023-02-16T15:35:44 EST" duration-ms="10904" status="PASS">
          <params>
            <param index="0">
              <value>
                <![CDATA[abc5@gmail]]>
              </value>
            </param>
            <param index="1">
              <value>
                <![CDATA[abc5432]]>
              </value>
            </param>
          </params>
          <reporter-output>
          </reporter-output>
        </test-method> <!-- fbook -->
        <test-method signature="fbook(java.lang.String,java.lang.String)[pri:0, instance:facebook_data_pr_testng.facebookTest@76a4ebf2]" started-at="2023-02-16T15:35:44 EST" name="fbook" data-provider="facebooklogindata" finished-at="2023-02-16T15:35:55 EST" duration-ms="10772" status="PASS">
          <params>
            <param index="0">
              <value>
                <![CDATA[avb@gmail]]>
              </value>
            </param>
            <param index="1">
              <value>
                <![CDATA[abc52134]]>
              </value>
            </param>
          </params>
          <reporter-output>
          </reporter-output>
        </test-method> <!-- fbook -->
        <test-method signature="fbook(java.lang.String,java.lang.String)[pri:0, instance:facebook_data_pr_testng.facebookTest@76a4ebf2]" started-at="2023-02-16T15:35:55 EST" name="fbook" data-provider="facebooklogindata" finished-at="2023-02-16T15:36:05 EST" duration-ms="10333" status="PASS">
          <params>
            <param index="0">
              <value>
                <![CDATA[abc7@gmail]]>
              </value>
            </param>
            <param index="1">
              <value>
                <![CDATA[abc543423]]>
              </value>
            </param>
          </params>
          <reporter-output>
          </reporter-output>
        </test-method> <!-- fbook -->
        <test-method is-config="true" signature="teardown()[pri:0, instance:facebook_data_pr_testng.facebookTest@76a4ebf2]" started-at="2023-02-16T15:36:05 EST" name="teardown" finished-at="2023-02-16T15:36:05 EST" duration-ms="0" status="PASS">
          <reporter-output>
          </reporter-output>
        </test-method> <!-- teardown -->
      </class> <!-- facebook_data_pr_testng.facebookTest -->
    </test> <!-- fblogin -->
  </suite> <!-- Suite -->
</testng-results>
